/home/mallu/MBOT/install/pico_serial_bridge/lib/python3.10/site-packages/pico_serial_bridge/bridge_node.py
/home/mallu/MBOT/install/pico_serial_bridge/lib/python3.10/site-packages/pico_serial_bridge/encoder_parser.py
/home/mallu/MBOT/install/pico_serial_bridge/lib/python3.10/site-packages/pico_serial_bridge/serial_handler.py
/home/mallu/MBOT/install/pico_serial_bridge/lib/python3.10/site-packages/pico_serial_bridge/cmd_vel_serial_bridge.py
/home/mallu/MBOT/install/pico_serial_bridge/lib/python3.10/site-packages/pico_serial_bridge/__init__.py
/home/mallu/MBOT/install/pico_serial_bridge/lib/python3.10/site-packages/pico_serial_bridge/__pycache__/bridge_node.cpython-310.pyc
/home/mallu/MBOT/install/pico_serial_bridge/lib/python3.10/site-packages/pico_serial_bridge/__pycache__/encoder_parser.cpython-310.pyc
/home/mallu/MBOT/install/pico_serial_bridge/lib/python3.10/site-packages/pico_serial_bridge/__pycache__/serial_handler.cpython-310.pyc
/home/mallu/MBOT/install/pico_serial_bridge/lib/python3.10/site-packages/pico_serial_bridge/__pycache__/cmd_vel_serial_bridge.cpython-310.pyc
/home/mallu/MBOT/install/pico_serial_bridge/lib/python3.10/site-packages/pico_serial_bridge/__pycache__/__init__.cpython-310.pyc
/home/mallu/MBOT/install/pico_serial_bridge/share/ament_index/resource_index/packages/pico_serial_bridge
/home/mallu/MBOT/install/pico_serial_bridge/share/pico_serial_bridge/package.xml
/home/mallu/MBOT/install/pico_serial_bridge/lib/python3.10/site-packages/pico_serial_bridge-0.0.1-py3.10.egg-info/dependency_links.txt
/home/mallu/MBOT/install/pico_serial_bridge/lib/python3.10/site-packages/pico_serial_bridge-0.0.1-py3.10.egg-info/PKG-INFO
/home/mallu/MBOT/install/pico_serial_bridge/lib/python3.10/site-packages/pico_serial_bridge-0.0.1-py3.10.egg-info/zip-safe
/home/mallu/MBOT/install/pico_serial_bridge/lib/python3.10/site-packages/pico_serial_bridge-0.0.1-py3.10.egg-info/requires.txt
/home/mallu/MBOT/install/pico_serial_bridge/lib/python3.10/site-packages/pico_serial_bridge-0.0.1-py3.10.egg-info/entry_points.txt
/home/mallu/MBOT/install/pico_serial_bridge/lib/python3.10/site-packages/pico_serial_bridge-0.0.1-py3.10.egg-info/SOURCES.txt
/home/mallu/MBOT/install/pico_serial_bridge/lib/python3.10/site-packages/pico_serial_bridge-0.0.1-py3.10.egg-info/top_level.txt
/home/mallu/MBOT/install/pico_serial_bridge/lib/pico_serial_bridge/cmd_vel_serial_bridge
