[0.076s] DEBUG:colcon:Command line arguments: ['/usr/bin/colcon', 'build']
[0.076s] DEBUG:colcon:Parsed command line arguments: Namespace(log_base=None, log_level=None, verb_name='build', build_base='build', install_base='install', merge_install=False, symlink_install=False, test_result_base=None, continue_on_error=False, executor='parallel', parallel_workers=16, event_handlers=None, ignore_user_meta=False, metas=['./colcon.meta'], base_paths=['.'], packages_ignore=None, packages_ignore_regex=None, paths=None, packages_up_to=None, packages_up_to_regex=None, packages_above=None, packages_above_and_dependencies=None, packages_above_depth=None, packages_select_by_dep=None, packages_skip_by_dep=None, packages_skip_up_to=None, packages_select_build_failed=False, packages_skip_build_finished=False, packages_select_test_failures=False, packages_skip_test_passed=False, packages_select=None, packages_skip=None, packages_select_regex=None, packages_skip_regex=None, packages_start=None, packages_end=None, allow_overriding=[], cmake_args=None, cmake_target=None, cmake_target_skip_unavailable=False, cmake_clean_cache=False, cmake_clean_first=False, cmake_force_configure=False, ament_cmake_args=None, catkin_cmake_args=None, catkin_skip_building_tests=False, mixin_files=None, mixin=None, verb_parser=<colcon_mixin.mixin.mixin_argument.MixinArgumentDecorator object at 0x7b2d3d07d900>, verb_extension=<colcon_core.verb.build.BuildVerb object at 0x7b2d3d1f6e30>, main=<bound method BuildVerb.main of <colcon_core.verb.build.BuildVerb object at 0x7b2d3d1f6e30>>, mixin_verb=('build',))
[0.189s] Level 1:colcon.colcon_core.package_discovery:discover_packages(colcon_meta) check parameters
[0.189s] Level 1:colcon.colcon_core.package_discovery:discover_packages(recursive) check parameters
[0.189s] Level 1:colcon.colcon_core.package_discovery:discover_packages(ignore) check parameters
[0.189s] Level 1:colcon.colcon_core.package_discovery:discover_packages(path) check parameters
[0.189s] Level 1:colcon.colcon_core.package_discovery:discover_packages(colcon_meta) discover
[0.189s] Level 1:colcon.colcon_core.package_discovery:discover_packages(recursive) discover
[0.189s] INFO:colcon.colcon_core.package_discovery:Crawling recursively for packages in '/home/mallu/MBOT'
[0.189s] Level 1:colcon.colcon_core.package_identification:_identify(.) by extensions ['ignore', 'ignore_ament_install']
[0.189s] Level 1:colcon.colcon_core.package_identification:_identify(.) by extension 'ignore'
[0.189s] Level 1:colcon.colcon_core.package_identification:_identify(.) by extension 'ignore_ament_install'
[0.189s] Level 1:colcon.colcon_core.package_identification:_identify(.) by extensions ['colcon_pkg']
[0.189s] Level 1:colcon.colcon_core.package_identification:_identify(.) by extension 'colcon_pkg'
[0.189s] Level 1:colcon.colcon_core.package_identification:_identify(.) by extensions ['colcon_meta']
[0.189s] Level 1:colcon.colcon_core.package_identification:_identify(.) by extension 'colcon_meta'
[0.189s] Level 1:colcon.colcon_core.package_identification:_identify(.) by extensions ['ros']
[0.189s] Level 1:colcon.colcon_core.package_identification:_identify(.) by extension 'ros'
[0.200s] Level 1:colcon.colcon_core.package_identification:_identify(.) by extensions ['cmake', 'python']
[0.201s] Level 1:colcon.colcon_core.package_identification:_identify(.) by extension 'cmake'
[0.201s] Level 1:colcon.colcon_core.package_identification:_identify(.) by extension 'python'
[0.201s] Level 1:colcon.colcon_core.package_identification:_identify(.) by extensions ['python_setup_py']
[0.201s] Level 1:colcon.colcon_core.package_identification:_identify(.) by extension 'python_setup_py'
[0.201s] Level 1:colcon.colcon_core.package_identification:_identify(build) by extensions ['ignore', 'ignore_ament_install']
[0.201s] Level 1:colcon.colcon_core.package_identification:_identify(build) by extension 'ignore'
[0.201s] Level 1:colcon.colcon_core.package_identification:_identify(build) ignored
[0.201s] Level 1:colcon.colcon_core.package_identification:_identify(install) by extensions ['ignore', 'ignore_ament_install']
[0.201s] Level 1:colcon.colcon_core.package_identification:_identify(install) by extension 'ignore'
[0.201s] Level 1:colcon.colcon_core.package_identification:_identify(install) ignored
[0.201s] Level 1:colcon.colcon_core.package_identification:_identify(log) by extensions ['ignore', 'ignore_ament_install']
[0.201s] Level 1:colcon.colcon_core.package_identification:_identify(log) by extension 'ignore'
[0.201s] Level 1:colcon.colcon_core.package_identification:_identify(log) ignored
[0.201s] Level 1:colcon.colcon_core.package_identification:_identify(src) by extensions ['ignore', 'ignore_ament_install']
[0.201s] Level 1:colcon.colcon_core.package_identification:_identify(src) by extension 'ignore'
[0.201s] Level 1:colcon.colcon_core.package_identification:_identify(src) by extension 'ignore_ament_install'
[0.201s] Level 1:colcon.colcon_core.package_identification:_identify(src) by extensions ['colcon_pkg']
[0.201s] Level 1:colcon.colcon_core.package_identification:_identify(src) by extension 'colcon_pkg'
[0.201s] Level 1:colcon.colcon_core.package_identification:_identify(src) by extensions ['colcon_meta']
[0.201s] Level 1:colcon.colcon_core.package_identification:_identify(src) by extension 'colcon_meta'
[0.201s] Level 1:colcon.colcon_core.package_identification:_identify(src) by extensions ['ros']
[0.201s] Level 1:colcon.colcon_core.package_identification:_identify(src) by extension 'ros'
[0.201s] Level 1:colcon.colcon_core.package_identification:_identify(src) by extensions ['cmake', 'python']
[0.201s] Level 1:colcon.colcon_core.package_identification:_identify(src) by extension 'cmake'
[0.201s] Level 1:colcon.colcon_core.package_identification:_identify(src) by extension 'python'
[0.201s] Level 1:colcon.colcon_core.package_identification:_identify(src) by extensions ['python_setup_py']
[0.201s] Level 1:colcon.colcon_core.package_identification:_identify(src) by extension 'python_setup_py'
[0.201s] Level 1:colcon.colcon_core.package_identification:_identify(src/Ros_Pico_Bridge) by extensions ['ignore', 'ignore_ament_install']
[0.201s] Level 1:colcon.colcon_core.package_identification:_identify(src/Ros_Pico_Bridge) by extension 'ignore'
[0.202s] Level 1:colcon.colcon_core.package_identification:_identify(src/Ros_Pico_Bridge) by extension 'ignore_ament_install'
[0.202s] Level 1:colcon.colcon_core.package_identification:_identify(src/Ros_Pico_Bridge) by extensions ['colcon_pkg']
[0.202s] Level 1:colcon.colcon_core.package_identification:_identify(src/Ros_Pico_Bridge) by extension 'colcon_pkg'
[0.202s] Level 1:colcon.colcon_core.package_identification:_identify(src/Ros_Pico_Bridge) by extensions ['colcon_meta']
[0.202s] Level 1:colcon.colcon_core.package_identification:_identify(src/Ros_Pico_Bridge) by extension 'colcon_meta'
[0.202s] Level 1:colcon.colcon_core.package_identification:_identify(src/Ros_Pico_Bridge) by extensions ['ros']
[0.202s] Level 1:colcon.colcon_core.package_identification:_identify(src/Ros_Pico_Bridge) by extension 'ros'
[0.202s] Level 1:colcon.colcon_core.package_identification:_identify(src/Ros_Pico_Bridge) by extensions ['cmake', 'python']
[0.202s] Level 1:colcon.colcon_core.package_identification:_identify(src/Ros_Pico_Bridge) by extension 'cmake'
[0.202s] Level 1:colcon.colcon_core.package_identification:_identify(src/Ros_Pico_Bridge) by extension 'python'
[0.202s] Level 1:colcon.colcon_core.package_identification:_identify(src/Ros_Pico_Bridge) by extensions ['python_setup_py']
[0.202s] Level 1:colcon.colcon_core.package_identification:_identify(src/Ros_Pico_Bridge) by extension 'python_setup_py'
[0.202s] Level 1:colcon.colcon_core.package_identification:_identify(src/Ros_Pico_Bridge/ros_pico_code) by extensions ['ignore', 'ignore_ament_install']
[0.202s] Level 1:colcon.colcon_core.package_identification:_identify(src/Ros_Pico_Bridge/ros_pico_code) by extension 'ignore'
[0.202s] Level 1:colcon.colcon_core.package_identification:_identify(src/Ros_Pico_Bridge/ros_pico_code) by extension 'ignore_ament_install'
[0.202s] Level 1:colcon.colcon_core.package_identification:_identify(src/Ros_Pico_Bridge/ros_pico_code) by extensions ['colcon_pkg']
[0.202s] Level 1:colcon.colcon_core.package_identification:_identify(src/Ros_Pico_Bridge/ros_pico_code) by extension 'colcon_pkg'
[0.202s] Level 1:colcon.colcon_core.package_identification:_identify(src/Ros_Pico_Bridge/ros_pico_code) by extensions ['colcon_meta']
[0.202s] Level 1:colcon.colcon_core.package_identification:_identify(src/Ros_Pico_Bridge/ros_pico_code) by extension 'colcon_meta'
[0.202s] Level 1:colcon.colcon_core.package_identification:_identify(src/Ros_Pico_Bridge/ros_pico_code) by extensions ['ros']
[0.202s] Level 1:colcon.colcon_core.package_identification:_identify(src/Ros_Pico_Bridge/ros_pico_code) by extension 'ros'
[0.202s] Level 1:colcon.colcon_core.package_identification:_identify(src/Ros_Pico_Bridge/ros_pico_code) by extensions ['cmake', 'python']
[0.202s] Level 1:colcon.colcon_core.package_identification:_identify(src/Ros_Pico_Bridge/ros_pico_code) by extension 'cmake'
[0.202s] Level 1:colcon.colcon_core.package_identification:_identify(src/Ros_Pico_Bridge/ros_pico_code) by extension 'python'
[0.202s] Level 1:colcon.colcon_core.package_identification:_identify(src/Ros_Pico_Bridge/ros_pico_code) by extensions ['python_setup_py']
[0.202s] Level 1:colcon.colcon_core.package_identification:_identify(src/Ros_Pico_Bridge/ros_pico_code) by extension 'python_setup_py'
[0.202s] Level 1:colcon.colcon_core.package_identification:_identify(src/pico_serial_bridge) by extensions ['ignore', 'ignore_ament_install']
[0.202s] Level 1:colcon.colcon_core.package_identification:_identify(src/pico_serial_bridge) by extension 'ignore'
[0.202s] Level 1:colcon.colcon_core.package_identification:_identify(src/pico_serial_bridge) by extension 'ignore_ament_install'
[0.202s] Level 1:colcon.colcon_core.package_identification:_identify(src/pico_serial_bridge) by extensions ['colcon_pkg']
[0.202s] Level 1:colcon.colcon_core.package_identification:_identify(src/pico_serial_bridge) by extension 'colcon_pkg'
[0.202s] Level 1:colcon.colcon_core.package_identification:_identify(src/pico_serial_bridge) by extensions ['colcon_meta']
[0.202s] Level 1:colcon.colcon_core.package_identification:_identify(src/pico_serial_bridge) by extension 'colcon_meta'
[0.202s] Level 1:colcon.colcon_core.package_identification:_identify(src/pico_serial_bridge) by extensions ['ros']
[0.202s] Level 1:colcon.colcon_core.package_identification:_identify(src/pico_serial_bridge) by extension 'ros'
[0.204s] DEBUG:colcon.colcon_core.package_identification:Package 'src/pico_serial_bridge' with type 'ros.ament_python' and name 'pico_serial_bridge'
[0.204s] Level 1:colcon.colcon_core.package_discovery:discover_packages(recursive) using defaults
[0.204s] Level 1:colcon.colcon_core.package_discovery:discover_packages(ignore) discover
[0.204s] Level 1:colcon.colcon_core.package_discovery:discover_packages(ignore) using defaults
[0.204s] Level 1:colcon.colcon_core.package_discovery:discover_packages(path) discover
[0.204s] Level 1:colcon.colcon_core.package_discovery:discover_packages(path) using defaults
[0.217s] Level 1:colcon.colcon_core.package_discovery:discover_packages(prefix_path) check parameters
[0.217s] Level 1:colcon.colcon_core.package_discovery:discover_packages(prefix_path) discover
[0.218s] WARNING:colcon.colcon_ros.prefix_path.ament:The path '/home/mallu/MBOT/install/pico_serial_bridge' in the environment variable AMENT_PREFIX_PATH doesn't exist
[0.219s] DEBUG:colcon.colcon_installed_package_information.package_discovery:Found 0 installed packages in /home/mallu/MBOT/install
[0.220s] DEBUG:colcon.colcon_installed_package_information.package_discovery:Found 369 installed packages in /opt/ros/humble
[0.221s] Level 1:colcon.colcon_core.package_discovery:discover_packages(prefix_path) using defaults
[0.248s] Level 5:colcon.colcon_core.verb:set package 'pico_serial_bridge' build argument 'cmake_args' from command line to 'None'
[0.248s] Level 5:colcon.colcon_core.verb:set package 'pico_serial_bridge' build argument 'cmake_target' from command line to 'None'
[0.248s] Level 5:colcon.colcon_core.verb:set package 'pico_serial_bridge' build argument 'cmake_target_skip_unavailable' from command line to 'False'
[0.248s] Level 5:colcon.colcon_core.verb:set package 'pico_serial_bridge' build argument 'cmake_clean_cache' from command line to 'False'
[0.248s] Level 5:colcon.colcon_core.verb:set package 'pico_serial_bridge' build argument 'cmake_clean_first' from command line to 'False'
[0.248s] Level 5:colcon.colcon_core.verb:set package 'pico_serial_bridge' build argument 'cmake_force_configure' from command line to 'False'
[0.248s] Level 5:colcon.colcon_core.verb:set package 'pico_serial_bridge' build argument 'ament_cmake_args' from command line to 'None'
[0.248s] Level 5:colcon.colcon_core.verb:set package 'pico_serial_bridge' build argument 'catkin_cmake_args' from command line to 'None'
[0.248s] Level 5:colcon.colcon_core.verb:set package 'pico_serial_bridge' build argument 'catkin_skip_building_tests' from command line to 'False'
[0.248s] DEBUG:colcon.colcon_core.verb:Building package 'pico_serial_bridge' with the following arguments: {'ament_cmake_args': None, 'build_base': '/home/mallu/MBOT/build/pico_serial_bridge', 'catkin_cmake_args': None, 'catkin_skip_building_tests': False, 'cmake_args': None, 'cmake_clean_cache': False, 'cmake_clean_first': False, 'cmake_force_configure': False, 'cmake_target': None, 'cmake_target_skip_unavailable': False, 'install_base': '/home/mallu/MBOT/install/pico_serial_bridge', 'merge_install': False, 'path': '/home/mallu/MBOT/src/pico_serial_bridge', 'symlink_install': False, 'test_result_base': None}
[0.248s] INFO:colcon.colcon_core.executor:Executing jobs using 'parallel' executor
[0.249s] DEBUG:colcon.colcon_parallel_executor.executor.parallel:run_until_complete
[0.249s] INFO:colcon.colcon_ros.task.ament_python.build:Building ROS package in '/home/mallu/MBOT/src/pico_serial_bridge' with build type 'ament_python'
[0.249s] Level 1:colcon.colcon_core.shell:create_environment_hook('pico_serial_bridge', 'ament_prefix_path')
[0.251s] INFO:colcon.colcon_core.plugin_system:Skipping extension 'colcon_core.shell.bat': Not used on non-Windows systems
[0.251s] INFO:colcon.colcon_core.shell:Creating environment hook '/home/mallu/MBOT/install/pico_serial_bridge/share/pico_serial_bridge/hook/ament_prefix_path.ps1'
[0.251s] INFO:colcon.colcon_core.shell:Creating environment descriptor '/home/mallu/MBOT/install/pico_serial_bridge/share/pico_serial_bridge/hook/ament_prefix_path.dsv'
[0.251s] INFO:colcon.colcon_core.shell:Creating environment hook '/home/mallu/MBOT/install/pico_serial_bridge/share/pico_serial_bridge/hook/ament_prefix_path.sh'
[0.252s] INFO:colcon.colcon_core.shell:Skip shell extension 'powershell' for command environment: Not usable outside of PowerShell
[0.252s] DEBUG:colcon.colcon_core.shell:Skip shell extension 'dsv' for command environment
[0.427s] INFO:colcon.colcon_core.task.python.build:Building Python package in '/home/mallu/MBOT/src/pico_serial_bridge'
[0.428s] INFO:colcon.colcon_core.shell:Skip shell extension 'powershell' for command environment: Not usable outside of PowerShell
[0.428s] DEBUG:colcon.colcon_core.shell:Skip shell extension 'dsv' for command environment
[0.688s] DEBUG:colcon.colcon_core.event_handler.log_command:Invoking command in '/home/mallu/MBOT/src/pico_serial_bridge': PYTHONPATH=/home/mallu/MBOT/build/pico_serial_bridge/prefix_override:/usr/lib/python3/dist-packages/colcon_core/task/python/colcon_distutils_commands:/home/mallu/MBOT/install/pico_serial_bridge/lib/python3.10/site-packages:${PYTHONPATH} /usr/bin/python3 -W ignore:setup.py install is deprecated -W ignore:easy_install command is deprecated setup.py egg_info --egg-base ../../build/pico_serial_bridge build --build-base /home/mallu/MBOT/build/pico_serial_bridge/build install --record /home/mallu/MBOT/build/pico_serial_bridge/install.log --single-version-externally-managed install_data
[0.878s] DEBUG:colcon.colcon_core.event_handler.log_command:Invoked command in '/home/mallu/MBOT/src/pico_serial_bridge' returned '0': PYTHONPATH=/home/mallu/MBOT/build/pico_serial_bridge/prefix_override:/usr/lib/python3/dist-packages/colcon_core/task/python/colcon_distutils_commands:/home/mallu/MBOT/install/pico_serial_bridge/lib/python3.10/site-packages:${PYTHONPATH} /usr/bin/python3 -W ignore:setup.py install is deprecated -W ignore:easy_install command is deprecated setup.py egg_info --egg-base ../../build/pico_serial_bridge build --build-base /home/mallu/MBOT/build/pico_serial_bridge/build install --record /home/mallu/MBOT/build/pico_serial_bridge/install.log --single-version-externally-managed install_data
[0.881s] Level 1:colcon.colcon_core.environment:checking '/home/mallu/MBOT/install/pico_serial_bridge' for CMake module files
[0.881s] Level 1:colcon.colcon_core.environment:checking '/home/mallu/MBOT/install/pico_serial_bridge' for CMake config files
[0.882s] Level 1:colcon.colcon_core.environment:checking '/home/mallu/MBOT/install/pico_serial_bridge/lib'
[0.882s] Level 1:colcon.colcon_core.environment:checking '/home/mallu/MBOT/install/pico_serial_bridge/bin'
[0.882s] Level 1:colcon.colcon_core.environment:checking '/home/mallu/MBOT/install/pico_serial_bridge/lib/pkgconfig/pico_serial_bridge.pc'
[0.882s] Level 1:colcon.colcon_core.environment:checking '/home/mallu/MBOT/install/pico_serial_bridge/lib/python3.10/site-packages'
[0.882s] Level 1:colcon.colcon_core.shell:create_environment_hook('pico_serial_bridge', 'pythonpath')
[0.883s] INFO:colcon.colcon_core.shell:Creating environment hook '/home/mallu/MBOT/install/pico_serial_bridge/share/pico_serial_bridge/hook/pythonpath.ps1'
[0.883s] INFO:colcon.colcon_core.shell:Creating environment descriptor '/home/mallu/MBOT/install/pico_serial_bridge/share/pico_serial_bridge/hook/pythonpath.dsv'
[0.884s] INFO:colcon.colcon_core.shell:Creating environment hook '/home/mallu/MBOT/install/pico_serial_bridge/share/pico_serial_bridge/hook/pythonpath.sh'
[0.884s] Level 1:colcon.colcon_core.environment:checking '/home/mallu/MBOT/install/pico_serial_bridge/bin'
[0.885s] Level 1:colcon.colcon_core.environment:create_environment_scripts_only(pico_serial_bridge)
[0.885s] INFO:colcon.colcon_core.shell:Creating package script '/home/mallu/MBOT/install/pico_serial_bridge/share/pico_serial_bridge/package.ps1'
[0.886s] INFO:colcon.colcon_core.shell:Creating package descriptor '/home/mallu/MBOT/install/pico_serial_bridge/share/pico_serial_bridge/package.dsv'
[0.886s] INFO:colcon.colcon_core.shell:Creating package script '/home/mallu/MBOT/install/pico_serial_bridge/share/pico_serial_bridge/package.sh'
[0.887s] INFO:colcon.colcon_core.shell:Creating package script '/home/mallu/MBOT/install/pico_serial_bridge/share/pico_serial_bridge/package.bash'
[0.888s] INFO:colcon.colcon_core.shell:Creating package script '/home/mallu/MBOT/install/pico_serial_bridge/share/pico_serial_bridge/package.zsh'
[0.889s] Level 1:colcon.colcon_core.environment:create_file_with_runtime_dependencies(/home/mallu/MBOT/install/pico_serial_bridge/share/colcon-core/packages/pico_serial_bridge)
[0.889s] DEBUG:colcon.colcon_parallel_executor.executor.parallel:closing loop
[0.889s] DEBUG:colcon.colcon_parallel_executor.executor.parallel:loop closed
[0.889s] DEBUG:colcon.colcon_parallel_executor.executor.parallel:run_until_complete finished with '0'
[0.889s] DEBUG:colcon.colcon_core.event_reactor:joining thread
[0.893s] INFO:colcon.colcon_core.plugin_system:Skipping extension 'colcon_notification.desktop_notification.terminal_notifier': Not used on non-Darwin systems
[0.893s] INFO:colcon.colcon_core.plugin_system:Skipping extension 'colcon_notification.desktop_notification.win32': Not used on non-Windows systems
[0.893s] INFO:colcon.colcon_notification.desktop_notification:Sending desktop notification using 'notify2'
[0.903s] DEBUG:colcon.colcon_core.event_reactor:joined thread
[0.903s] INFO:colcon.colcon_core.shell:Creating prefix script '/home/mallu/MBOT/install/local_setup.ps1'
[0.904s] INFO:colcon.colcon_core.shell:Creating prefix util module '/home/mallu/MBOT/install/_local_setup_util_ps1.py'
[0.905s] INFO:colcon.colcon_core.shell:Creating prefix chain script '/home/mallu/MBOT/install/setup.ps1'
[0.905s] INFO:colcon.colcon_core.shell:Creating prefix script '/home/mallu/MBOT/install/local_setup.sh'
[0.906s] INFO:colcon.colcon_core.shell:Creating prefix util module '/home/mallu/MBOT/install/_local_setup_util_sh.py'
[0.906s] INFO:colcon.colcon_core.shell:Creating prefix chain script '/home/mallu/MBOT/install/setup.sh'
[0.906s] INFO:colcon.colcon_core.shell:Creating prefix script '/home/mallu/MBOT/install/local_setup.bash'
[0.907s] INFO:colcon.colcon_core.shell:Creating prefix chain script '/home/mallu/MBOT/install/setup.bash'
[0.907s] INFO:colcon.colcon_core.shell:Creating prefix script '/home/mallu/MBOT/install/local_setup.zsh'
[0.908s] INFO:colcon.colcon_core.shell:Creating prefix chain script '/home/mallu/MBOT/install/setup.zsh'
